<?xml version="1.0" encoding="UTF-8"?>
<!-- Generated by org.testng.reporters.JUnitXMLReporter -->
<testsuite ignored="3" hostname="DESKTOP-RL14OM3" failures="0" tests="1" name="Test" time="45.817" errors="0" timestamp="2022-03-02T14:50:32 IST">
  <testcase classname="com.crm.ContactTests.CreateContactWithLeadSourceTest" name="sampleTestScript" time="0.011"/>
  <testcase classname="com.crm.ContactTests.CreateContactWithLeadSourceTest" name="sampleTestScript1" time="0.0">
    <ignored/>
  </testcase> <!-- sampleTestScript1 -->
  <testcase classname="com.crm.ContactTests.CreateContactWithLeadSourceTest" name="sampleTestScript2" time="0.0">
    <ignored/>
  </testcase> <!-- sampleTestScript2 -->
  <testcase classname="com.crm.ContactTests.CreateContactWithLeadSourceTest" name="createContactWithLeadSourceTest" time="0.0">
    <ignored/>
  </testcase> <!-- createContactWithLeadSourceTest -->
</testsuite> <!-- Test -->
