<?xml version="1.0" encoding="UTF-8"?>
<!-- Generated by org.testng.reporters.JUnitXMLReporter -->
<testsuite ignored="4" hostname="DESKTOP-RL14OM3" failures="0" tests="14" name="Test runner 2" time="1.616" errors="0" timestamp="2022-03-03T12:44:13 IST">
  <testcase classname="com.crmGenericLibrary.BaseClass" name="@BeforeTest launchTheBrowser" time="-1.646291651915E9">
    <failure type="org.testng.TestNGException" message="
Parameter &amp;apos;browser&amp;apos; is required by BeforeTest on method launchTheBrowser but has not been marked @Optional or defined
in H:\work\ComCastSeleniumFramework-SDET30\testng_DistributedParallelExecution.xml">
      <![CDATA[org.testng.TestNGException: 
Parameter 'browser' is required by BeforeTest on method launchTheBrowser but has not been marked @Optional or defined
in H:\work\ComCastSeleniumFramework-SDET30\testng_DistributedParallelExecution.xml
at java.base/java.util.concurrent.FutureTask.run(FutureTask.java:264)
at java.base/java.util.concurrent.ThreadPoolExecutor.runWorker(ThreadPoolExecutor.java:1136)
at java.base/java.util.concurrent.ThreadPoolExecutor$Worker.run(ThreadPoolExecutor.java:635)
at java.base/java.lang.Thread.run(Thread.java:833)
... Removed 12 stack frames]]>
    </failure>
  </testcase> <!-- @BeforeTest launchTheBrowser -->
  <testcase classname="com.crmGenericLibrary.BaseClass" name="@BeforeMethod login" time="-1.64629165317E9">
    <skipped/>
  </testcase> <!-- @BeforeMethod login -->
  <testcase classname="com.crmGenericLibrary.BaseClass" name="@AfterMethod logout" time="-1.646291653195E9">
    <skipped/>
  </testcase> <!-- @AfterMethod logout -->
  <testcase classname="com.crmGenericLibrary.BaseClass" name="@BeforeMethod login" time="-1.6462916532E9">
    <skipped/>
  </testcase> <!-- @BeforeMethod login -->
  <testcase classname="com.crmGenericLibrary.BaseClass" name="@AfterMethod logout" time="-1.646291653214E9">
    <skipped/>
  </testcase> <!-- @AfterMethod logout -->
  <testcase classname="com.crmGenericLibrary.BaseClass" name="@BeforeMethod login" time="-1.646291653235E9">
    <skipped/>
  </testcase> <!-- @BeforeMethod login -->
  <testcase classname="com.crmGenericLibrary.BaseClass" name="@AfterMethod logout" time="-1.646291653258E9">
    <skipped/>
  </testcase> <!-- @AfterMethod logout -->
  <testcase classname="com.crmGenericLibrary.BaseClass" name="@BeforeMethod login" time="-1.646291653273E9">
    <skipped/>
  </testcase> <!-- @BeforeMethod login -->
  <testcase classname="com.crmGenericLibrary.BaseClass" name="@AfterMethod logout" time="-1.646291653283E9">
    <skipped/>
  </testcase> <!-- @AfterMethod logout -->
  <testcase classname="com.crmGenericLibrary.BaseClass" name="@BeforeMethod login" time="-1.64629165329E9">
    <skipped/>
  </testcase> <!-- @BeforeMethod login -->
  <testcase classname="com.crmGenericLibrary.BaseClass" name="@AfterMethod logout" time="-1.646291653337E9">
    <skipped/>
  </testcase> <!-- @AfterMethod logout -->
  <testcase classname="com.crmGenericLibrary.BaseClass" name="@BeforeMethod login" time="-1.646291653344E9">
    <skipped/>
  </testcase> <!-- @BeforeMethod login -->
  <testcase classname="com.crmGenericLibrary.BaseClass" name="@AfterMethod logout" time="-1.646291653381E9">
    <skipped/>
  </testcase> <!-- @AfterMethod logout -->
  <testcase classname="com.crmGenericLibrary.BaseClass" name="@BeforeMethod login" time="-1.646291653394E9">
    <skipped/>
  </testcase> <!-- @BeforeMethod login -->
  <testcase classname="com.crmGenericLibrary.BaseClass" name="@AfterMethod logout" time="-1.646291653408E9">
    <skipped/>
  </testcase> <!-- @AfterMethod logout -->
  <testcase classname="com.crmGenericLibrary.BaseClass" name="@BeforeMethod login" time="-1.646291653418E9">
    <skipped/>
  </testcase> <!-- @BeforeMethod login -->
  <testcase classname="com.crmGenericLibrary.BaseClass" name="@AfterMethod logout" time="-1.646291653447E9">
    <skipped/>
  </testcase> <!-- @AfterMethod logout -->
  <testcase classname="com.crmGenericLibrary.BaseClass" name="@BeforeMethod login" time="-1.646291653467E9">
    <skipped/>
  </testcase> <!-- @BeforeMethod login -->
  <testcase classname="com.crmGenericLibrary.BaseClass" name="@AfterMethod logout" time="-1.646291653475E9">
    <skipped/>
  </testcase> <!-- @AfterMethod logout -->
  <testcase classname="com.crmGenericLibrary.BaseClass" name="@BeforeMethod login" time="-1.646291653478E9">
    <skipped/>
  </testcase> <!-- @BeforeMethod login -->
  <testcase classname="com.crmGenericLibrary.BaseClass" name="@AfterMethod logout" time="-1.646291653486E9">
    <skipped/>
  </testcase> <!-- @AfterMethod logout -->
  <testcase classname="com.crmGenericLibrary.BaseClass" name="@BeforeMethod login" time="-1.64629165349E9">
    <skipped/>
  </testcase> <!-- @BeforeMethod login -->
  <testcase classname="com.crmGenericLibrary.BaseClass" name="@AfterMethod logout" time="-1.646291653497E9">
    <skipped/>
  </testcase> <!-- @AfterMethod logout -->
  <testcase classname="com.crmGenericLibrary.BaseClass" name="@BeforeMethod login" time="-1.646291653502E9">
    <skipped/>
  </testcase> <!-- @BeforeMethod login -->
  <testcase classname="com.crmGenericLibrary.BaseClass" name="@AfterMethod logout" time="-1.646291653507E9">
    <skipped/>
  </testcase> <!-- @AfterMethod logout -->
  <testcase classname="com.crmGenericLibrary.BaseClass" name="@BeforeMethod login" time="-1.646291653509E9">
    <skipped/>
  </testcase> <!-- @BeforeMethod login -->
  <testcase classname="com.crmGenericLibrary.BaseClass" name="@AfterMethod logout" time="-1.646291653513E9">
    <skipped/>
  </testcase> <!-- @AfterMethod logout -->
  <testcase classname="com.crmGenericLibrary.BaseClass" name="@BeforeMethod login" time="-1.646291653516E9">
    <skipped/>
  </testcase> <!-- @BeforeMethod login -->
  <testcase classname="com.crmGenericLibrary.BaseClass" name="@AfterMethod logout" time="-1.64629165352E9">
    <skipped/>
  </testcase> <!-- @AfterMethod logout -->
  <testcase classname="com.crmGenericLibrary.BaseClass" name="@AfterTest closeBrowser" time="-1.646291653523E9">
    <skipped/>
  </testcase> <!-- @AfterTest closeBrowser -->
  <testcase classname="com.crm.ContactTests.CreateContactwithMultipleDataTest" name="createContactWithMultipleData" time="0.0">
    <skipped/>
  </testcase> <!-- createContactWithMultipleData -->
  <testcase classname="com.crm.ContactTests.CreateContactwithMultipleDataTest" name="createContactWithMultipleData" time="0.0">
    <skipped/>
  </testcase> <!-- createContactWithMultipleData -->
  <testcase classname="com.crm.ContactTests.CreateContactwithMultipleDataTest" name="createContactWithMultipleData" time="0.0">
    <skipped/>
  </testcase> <!-- createContactWithMultipleData -->
  <testcase classname="com.crm.ContactTests.CreateContactwithMultipleDataTest" name="createContactWithMultipleData" time="0.0">
    <skipped/>
  </testcase> <!-- createContactWithMultipleData -->
  <testcase classname="com.crm.ContactTests.CreateContactwithMultipleDataTest" name="createContactWithMultipleData" time="0.0">
    <skipped/>
  </testcase> <!-- createContactWithMultipleData -->
  <testcase classname="com.crm.ContactTests.CreateContactwithMultipleDataTest" name="createContactWithMultipleData" time="0.0">
    <skipped/>
  </testcase> <!-- createContactWithMultipleData -->
  <testcase classname="com.crm.ContactTests.CreateContactwithMultipleDataTest" name="createContactWithMultipleData" time="0.0">
    <skipped/>
  </testcase> <!-- createContactWithMultipleData -->
  <testcase classname="com.crm.ContactTests.CreateContactwithMultipleDataTest" name="createContactWithMultipleData" time="0.0">
    <skipped/>
  </testcase> <!-- createContactWithMultipleData -->
  <testcase classname="com.crm.ContactTests.CreateContactwithMultipleDataTest" name="createContactWithMultipleData" time="0.0">
    <skipped/>
  </testcase> <!-- createContactWithMultipleData -->
  <testcase classname="com.crm.ContactTests.CreateContactwithMultipleDataTest" name="createContactWithMultipleData" time="0.0">
    <skipped/>
  </testcase> <!-- createContactWithMultipleData -->
  <testcase classname="com.crm.ContactTests.CreateContactWithLeadSourceTest" name="createContactWithLeadSourceTest" time="0.0">
    <skipped/>
  </testcase> <!-- createContactWithLeadSourceTest -->
  <testcase classname="com.crm.ContactTests.CreateContactWithLeadSourceTest" name="sampleTestScript" time="0.0">
    <skipped/>
  </testcase> <!-- sampleTestScript -->
  <testcase classname="com.crm.ContactTests.CreateContactWithLeadSourceTest" name="sampleTestScript1" time="0.0">
    <skipped/>
  </testcase> <!-- sampleTestScript1 -->
  <testcase classname="com.crm.ContactTests.CreateContactWithLeadSourceTest" name="sampleTestScript2" time="0.0">
    <skipped/>
  </testcase> <!-- sampleTestScript2 -->
  <testcase classname="com.crmGenericLibrary.BaseClass" name="@BeforeSuite connectDataBase" time="0.0">
    <ignored/>
  </testcase> <!-- @BeforeSuite connectDataBase -->
  <testcase classname="com.crmGenericLibrary.BaseClass" name="@BeforeTest launchTheBrowser" time="0.0">
    <ignored/>
  </testcase> <!-- @BeforeTest launchTheBrowser -->
  <testcase classname="com.crmGenericLibrary.BaseClass" name="@AfterSuite closeDb" time="0.0">
    <ignored/>
  </testcase> <!-- @AfterSuite closeDb -->
  <testcase classname="com.crmGenericLibrary.BaseClass" name="@AfterTest closeBrowser" time="0.0">
    <ignored/>
  </testcase> <!-- @AfterTest closeBrowser -->
</testsuite> <!-- Test runner 2 -->
