<?xml version="1.0" encoding="UTF-8"?>
<testng-results ignored="0" total="4" passed="3" failed="1" skipped="0">
  <reporter-output>
    <line>
      <![CDATA[----------db connection successful------]]>
    </line>
    <line>
      <![CDATA[====login successsfull===]]>
    </line>
    <line>
      <![CDATA[== logout successfull]]>
    </line>
    <line>
      <![CDATA[====login successsfull===]]>
    </line>
    <line>
      <![CDATA[== logout successfull]]>
    </line>
    <line>
      <![CDATA[====login successsfull===]]>
    </line>
    <line>
      <![CDATA[== logout successfull]]>
    </line>
    <line>
      <![CDATA[====login successsfull===]]>
    </line>
    <line>
      <![CDATA[== logout successfull]]>
    </line>
    <line>
      <![CDATA[== browswer closed successfully]]>
    </line>
    <line>
      <![CDATA[===Database close Successfull]]>
    </line>
  </reporter-output>
  <suite started-at="2022-03-16T17:18:08 IST" name="Default suite" finished-at="2022-03-16T17:21:52 IST" duration-ms="224035">
    <groups>
      <group name="regressionSuite">
        <method signature="CreateContactWithLeadSourceTest.createContactWithLeadSourceTest()[pri:0, instance:com.crm.ContactTests.CreateContactWithLeadSourceTest@3f6b0be5]" name="createContactWithLeadSourceTest" class="com.crm.ContactTests.CreateContactWithLeadSourceTest"/>
      </group> <!-- regressionSuite -->
    </groups>
    <test started-at="2022-03-16T17:18:08 IST" name="Default test" finished-at="2022-03-16T17:21:52 IST" duration-ms="224035">
      <class name="com.crm.ContactTests.CreateContactWithLeadSourceTest">
        <test-method is-config="true" signature="connectDataBase()[pri:0, instance:com.crm.ContactTests.CreateContactWithLeadSourceTest@3f6b0be5]" started-at="2022-03-16T17:18:08 IST" name="connectDataBase" finished-at="2022-03-16T17:18:08 IST" duration-ms="12" status="PASS">
          <reporter-output>
            <line>
              <![CDATA[----------db connection successful------]]>
            </line>
          </reporter-output>
        </test-method> <!-- connectDataBase -->
        <test-method is-config="true" signature="launchTheBrowser()[pri:0, instance:com.crm.ContactTests.CreateContactWithLeadSourceTest@3f6b0be5]" started-at="2022-03-16T17:18:10 IST" name="launchTheBrowser" finished-at="2022-03-16T17:19:48 IST" duration-ms="98465" status="PASS">
          <reporter-output>
          </reporter-output>
        </test-method> <!-- launchTheBrowser -->
        <test-method is-config="true" signature="login()[pri:0, instance:com.crm.ContactTests.CreateContactWithLeadSourceTest@3f6b0be5]" started-at="2022-03-16T17:19:48 IST" name="login" finished-at="2022-03-16T17:20:37 IST" duration-ms="48641" status="PASS">
          <reporter-output>
            <line>
              <![CDATA[====login successsfull===]]>
            </line>
          </reporter-output>
        </test-method> <!-- login -->
        <test-method signature="createContactWithLeadSourceTest()[pri:0, instance:com.crm.ContactTests.CreateContactWithLeadSourceTest@3f6b0be5]" started-at="2022-03-16T17:20:37 IST" name="createContactWithLeadSourceTest" finished-at="2022-03-16T17:21:19 IST" duration-ms="42622" status="FAIL">
          <exception class="java.lang.AssertionError">
            <message>
              <![CDATA[null]]>
            </message>
            <full-stacktrace>
              <![CDATA[java.lang.AssertionError: null
at org.testng.Assert.fail(Assert.java:99)
at org.testng.Assert.fail(Assert.java:106)
at com.crm.ContactTests.CreateContactWithLeadSourceTest.createContactWithLeadSourceTest(CreateContactWithLeadSourceTest.java:49)
at java.base/jdk.internal.reflect.NativeMethodAccessorImpl.invoke0(Native Method)
at java.base/jdk.internal.reflect.NativeMethodAccessorImpl.invoke(NativeMethodAccessorImpl.java:77)
at java.base/jdk.internal.reflect.DelegatingMethodAccessorImpl.invoke(DelegatingMethodAccessorImpl.java:43)
at java.base/java.lang.reflect.Method.invoke(Method.java:568)
at org.testng.internal.MethodInvocationHelper.invokeMethod(MethodInvocationHelper.java:133)
at org.testng.internal.TestInvoker.invokeMethod(TestInvoker.java:598)
at org.testng.internal.TestInvoker.invokeTestMethod(TestInvoker.java:173)
at org.testng.internal.MethodRunner.runInSequence(MethodRunner.java:46)
at org.testng.internal.TestInvoker$MethodInvocationAgent.invoke(TestInvoker.java:824)
at org.testng.internal.TestInvoker.invokeTestMethods(TestInvoker.java:146)
at org.testng.internal.TestMethodWorker.invokeTestMethods(TestMethodWorker.java:146)
at org.testng.internal.TestMethodWorker.run(TestMethodWorker.java:128)
at java.base/java.util.ArrayList.forEach(ArrayList.java:1511)
at org.testng.TestRunner.privateRun(TestRunner.java:794)
at org.testng.TestRunner.run(TestRunner.java:596)
at org.testng.SuiteRunner.runTest(SuiteRunner.java:377)
at org.testng.SuiteRunner.runSequentially(SuiteRunner.java:371)
at org.testng.SuiteRunner.privateRun(SuiteRunner.java:332)
at org.testng.SuiteRunner.run(SuiteRunner.java:276)
at org.testng.SuiteRunnerWorker.runSuite(SuiteRunnerWorker.java:53)
at org.testng.SuiteRunnerWorker.run(SuiteRunnerWorker.java:96)
at org.testng.TestNG.runSuitesSequentially(TestNG.java:1212)
at org.testng.TestNG.runSuitesLocally(TestNG.java:1134)
at org.testng.TestNG.runSuites(TestNG.java:1063)
at org.testng.TestNG.run(TestNG.java:1031)
at org.testng.remote.AbstractRemoteTestNG.run(AbstractRemoteTestNG.java:115)
at org.testng.remote.RemoteTestNG.initAndRun(RemoteTestNG.java:251)
at org.testng.remote.RemoteTestNG.main(RemoteTestNG.java:77)
]]>
            </full-stacktrace>
          </exception> <!-- java.lang.AssertionError -->
          <reporter-output>
          </reporter-output>
        </test-method> <!-- createContactWithLeadSourceTest -->
        <test-method is-config="true" signature="logout()[pri:0, instance:com.crm.ContactTests.CreateContactWithLeadSourceTest@3f6b0be5]" started-at="2022-03-16T17:21:20 IST" name="logout" finished-at="2022-03-16T17:21:24 IST" duration-ms="3753" status="PASS">
          <reporter-output>
            <line>
              <![CDATA[== logout successfull]]>
            </line>
          </reporter-output>
        </test-method> <!-- logout -->
        <test-method is-config="true" signature="login()[pri:0, instance:com.crm.ContactTests.CreateContactWithLeadSourceTest@3f6b0be5]" started-at="2022-03-16T17:21:24 IST" name="login" finished-at="2022-03-16T17:21:28 IST" duration-ms="3422" status="PASS">
          <reporter-output>
            <line>
              <![CDATA[====login successsfull===]]>
            </line>
          </reporter-output>
        </test-method> <!-- login -->
        <test-method signature="sampleTestScript()[pri:0, instance:com.crm.ContactTests.CreateContactWithLeadSourceTest@3f6b0be5]" started-at="2022-03-16T17:21:28 IST" name="sampleTestScript" finished-at="2022-03-16T17:21:28 IST" duration-ms="4" status="PASS">
          <reporter-output>
          </reporter-output>
        </test-method> <!-- sampleTestScript -->
        <test-method is-config="true" signature="logout()[pri:0, instance:com.crm.ContactTests.CreateContactWithLeadSourceTest@3f6b0be5]" started-at="2022-03-16T17:21:28 IST" name="logout" finished-at="2022-03-16T17:21:33 IST" duration-ms="5741" status="PASS">
          <reporter-output>
            <line>
              <![CDATA[== logout successfull]]>
            </line>
          </reporter-output>
        </test-method> <!-- logout -->
        <test-method is-config="true" signature="login()[pri:0, instance:com.crm.ContactTests.CreateContactWithLeadSourceTest@3f6b0be5]" started-at="2022-03-16T17:21:33 IST" name="login" finished-at="2022-03-16T17:21:37 IST" duration-ms="3900" status="PASS">
          <reporter-output>
            <line>
              <![CDATA[====login successsfull===]]>
            </line>
          </reporter-output>
        </test-method> <!-- login -->
        <test-method signature="sampleTestScript1()[pri:0, instance:com.crm.ContactTests.CreateContactWithLeadSourceTest@3f6b0be5]" started-at="2022-03-16T17:21:37 IST" name="sampleTestScript1" finished-at="2022-03-16T17:21:37 IST" duration-ms="3" status="PASS">
          <reporter-output>
          </reporter-output>
        </test-method> <!-- sampleTestScript1 -->
        <test-method is-config="true" signature="logout()[pri:0, instance:com.crm.ContactTests.CreateContactWithLeadSourceTest@3f6b0be5]" started-at="2022-03-16T17:21:37 IST" name="logout" finished-at="2022-03-16T17:21:42 IST" duration-ms="5172" status="PASS">
          <reporter-output>
            <line>
              <![CDATA[== logout successfull]]>
            </line>
          </reporter-output>
        </test-method> <!-- logout -->
        <test-method is-config="true" signature="login()[pri:0, instance:com.crm.ContactTests.CreateContactWithLeadSourceTest@3f6b0be5]" started-at="2022-03-16T17:21:42 IST" name="login" finished-at="2022-03-16T17:21:46 IST" duration-ms="3401" status="PASS">
          <reporter-output>
            <line>
              <![CDATA[====login successsfull===]]>
            </line>
          </reporter-output>
        </test-method> <!-- login -->
        <test-method signature="sampleTestScript2()[pri:0, instance:com.crm.ContactTests.CreateContactWithLeadSourceTest@3f6b0be5]" started-at="2022-03-16T17:21:46 IST" name="sampleTestScript2" finished-at="2022-03-16T17:21:46 IST" duration-ms="3" status="PASS">
          <reporter-output>
          </reporter-output>
        </test-method> <!-- sampleTestScript2 -->
        <test-method is-config="true" signature="logout()[pri:0, instance:com.crm.ContactTests.CreateContactWithLeadSourceTest@3f6b0be5]" started-at="2022-03-16T17:21:46 IST" name="logout" finished-at="2022-03-16T17:21:51 IST" duration-ms="5325" status="PASS">
          <reporter-output>
            <line>
              <![CDATA[== logout successfull]]>
            </line>
          </reporter-output>
        </test-method> <!-- logout -->
        <test-method is-config="true" signature="closeBrowser()[pri:0, instance:com.crm.ContactTests.CreateContactWithLeadSourceTest@3f6b0be5]" started-at="2022-03-16T17:21:51 IST" name="closeBrowser" finished-at="2022-03-16T17:21:52 IST" duration-ms="1128" status="PASS">
          <reporter-output>
            <line>
              <![CDATA[== browswer closed successfully]]>
            </line>
          </reporter-output>
        </test-method> <!-- closeBrowser -->
        <test-method is-config="true" signature="closeDb()[pri:0, instance:com.crm.ContactTests.CreateContactWithLeadSourceTest@3f6b0be5]" started-at="2022-03-16T17:21:53 IST" name="closeDb" finished-at="2022-03-16T17:21:53 IST" duration-ms="1" status="PASS">
          <reporter-output>
            <line>
              <![CDATA[===Database close Successfull]]>
            </line>
          </reporter-output>
        </test-method> <!-- closeDb -->
      </class> <!-- com.crm.ContactTests.CreateContactWithLeadSourceTest -->
    </test> <!-- Default test -->
  </suite> <!-- Default suite -->
</testng-results>
